20-Nov-2019 20:15:16.003 INFO [http-nio-7070-exec-6] org.apache.catalina.core.ApplicationContext.log Manager: init: Associated with Deployer 'Catalina:type=Deployer,host=localhost'
20-Nov-2019 20:15:16.003 INFO [http-nio-7070-exec-6] org.apache.catalina.core.ApplicationContext.log Manager: init: Global resources are available
20-Nov-2019 20:15:16.029 INFO [http-nio-7070-exec-4] org.apache.catalina.core.ApplicationContext.log Manager: list: Listing contexts for virtual host 'localhost'
20-Nov-2019 20:15:16.043 INFO [http-nio-7070-exec-9] org.apache.catalina.core.ApplicationContext.log Manager: undeploy: Undeploying web application at '/'
20-Nov-2019 20:15:16.610 INFO [http-nio-7070-exec-4] org.apache.catalina.core.ApplicationContext.log Manager: install: Installing context configuration at 'file:/C:/Users/Antonio/AppData/Local/Temp/context3938865606499511031.xml'
20-Nov-2019 20:15:17.633 INFO [http-nio-7070-exec-7] org.apache.catalina.core.ApplicationContext.log Manager: start: Starting web application '/'
20-Nov-2019 20:15:18.326 INFO [http-nio-7070-exec-8] org.apache.catalina.core.ApplicationContext.log Manager: list: Listing contexts for virtual host 'localhost'
20-Nov-2019 20:15:18.347 INFO [http-nio-7070-exec-1] org.apache.catalina.core.ApplicationContext.log Manager: restart: Reloading web application '/'
20-Nov-2019 20:20:55.504 INFO [http-nio-7070-exec-22] org.apache.catalina.core.ApplicationContext.log Manager: list: Listing contexts for virtual host 'localhost'
20-Nov-2019 20:20:56.175 INFO [http-nio-7070-exec-19] org.apache.catalina.core.ApplicationContext.log Manager: list: Listing contexts for virtual host 'localhost'
20-Nov-2019 20:20:56.178 INFO [http-nio-7070-exec-16] org.apache.catalina.core.ApplicationContext.log Manager: list: Listing contexts for virtual host 'localhost'
20-Nov-2019 20:20:56.635 INFO [http-nio-7070-exec-21] org.apache.catalina.core.ApplicationContext.log Manager: list: Listing contexts for virtual host 'localhost'
20-Nov-2019 20:20:56.641 INFO [http-nio-7070-exec-22] org.apache.catalina.core.ApplicationContext.log Manager: list: Listing contexts for virtual host 'localhost'
20-Nov-2019 20:21:40.496 INFO [http-nio-7070-exec-16] org.apache.catalina.core.ApplicationContext.log Manager: list: Listing contexts for virtual host 'localhost'
20-Nov-2019 20:21:40.500 INFO [http-nio-7070-exec-17] org.apache.catalina.core.ApplicationContext.log Manager: list: Listing contexts for virtual host 'localhost'
20-Nov-2019 20:24:31.516 INFO [http-nio-7070-exec-18] org.apache.catalina.core.ApplicationContext.log Manager: list: Listing contexts for virtual host 'localhost'
20-Nov-2019 20:24:31.536 INFO [http-nio-7070-exec-22] org.apache.catalina.core.ApplicationContext.log Manager: restart: Reloading web application '/'
20-Nov-2019 20:24:38.642 INFO [http-nio-7070-exec-24] org.apache.catalina.core.ApplicationContext.log Manager: list: Listing contexts for virtual host 'localhost'
20-Nov-2019 20:24:38.646 INFO [http-nio-7070-exec-13] org.apache.catalina.core.ApplicationContext.log Manager: list: Listing contexts for virtual host 'localhost'
20-Nov-2019 20:24:38.690 INFO [http-nio-7070-exec-23] org.apache.catalina.core.ApplicationContext.log Manager: restart: Reloading web application '/'
20-Nov-2019 20:25:08.694 INFO [http-nio-7070-exec-27] org.apache.catalina.core.ApplicationContext.log Manager: list: Listing contexts for virtual host 'localhost'
20-Nov-2019 20:25:08.698 INFO [http-nio-7070-exec-13] org.apache.catalina.core.ApplicationContext.log Manager: list: Listing contexts for virtual host 'localhost'
20-Nov-2019 20:26:21.856 INFO [http-nio-7070-exec-26] org.apache.catalina.core.ApplicationContext.log Manager: list: Listing contexts for virtual host 'localhost'
20-Nov-2019 20:26:21.863 INFO [http-nio-7070-exec-27] org.apache.catalina.core.ApplicationContext.log Manager: restart: Reloading web application '/'
20-Nov-2019 20:26:25.757 INFO [http-nio-7070-exec-30] org.apache.catalina.core.ApplicationContext.log Manager: list: Listing contexts for virtual host 'localhost'
20-Nov-2019 20:26:25.769 INFO [http-nio-7070-exec-31] org.apache.catalina.core.ApplicationContext.log Manager: restart: Reloading web application '/'
20-Nov-2019 20:27:46.724 INFO [http-nio-7070-exec-30] org.apache.catalina.core.ApplicationContext.log Manager: list: Listing contexts for virtual host 'localhost'
20-Nov-2019 20:27:46.735 INFO [http-nio-7070-exec-16] org.apache.catalina.core.ApplicationContext.log Manager: restart: Reloading web application '/'
20-Nov-2019 20:27:53.255 INFO [http-nio-7070-exec-34] org.apache.catalina.core.ApplicationContext.log Manager: list: Listing contexts for virtual host 'localhost'
20-Nov-2019 20:27:53.259 INFO [http-nio-7070-exec-16] org.apache.catalina.core.ApplicationContext.log Manager: list: Listing contexts for virtual host 'localhost'
20-Nov-2019 20:27:53.290 INFO [http-nio-7070-exec-27] org.apache.catalina.core.ApplicationContext.log Manager: restart: Reloading web application '/'
20-Nov-2019 20:28:03.497 INFO [http-nio-7070-exec-13] org.apache.catalina.core.ApplicationContext.log Manager: list: Listing contexts for virtual host 'localhost'
20-Nov-2019 20:28:03.500 INFO [http-nio-7070-exec-31] org.apache.catalina.core.ApplicationContext.log Manager: list: Listing contexts for virtual host 'localhost'
20-Nov-2019 20:28:32.326 INFO [http-nio-7070-exec-2] org.apache.catalina.core.ApplicationContext.log Manager: init: Associated with Deployer 'Catalina:type=Deployer,host=localhost'
20-Nov-2019 20:28:32.326 INFO [http-nio-7070-exec-2] org.apache.catalina.core.ApplicationContext.log Manager: init: Global resources are available
20-Nov-2019 20:28:32.342 INFO [http-nio-7070-exec-9] org.apache.catalina.core.ApplicationContext.log Manager: list: Listing contexts for virtual host 'localhost'
20-Nov-2019 20:28:32.347 INFO [http-nio-7070-exec-3] org.apache.catalina.core.ApplicationContext.log Manager: list: Listing contexts for virtual host 'localhost'
20-Nov-2019 20:29:22.577 INFO [http-nio-7070-exec-10] org.apache.catalina.core.ApplicationContext.log Manager: list: Listing contexts for virtual host 'localhost'
20-Nov-2019 20:29:22.589 INFO [http-nio-7070-exec-9] org.apache.catalina.core.ApplicationContext.log Manager: restart: Reloading web application '/'
